C:\USERS\ZZT.001\DOCUMENTS\VISUAL STUDIO 2012\PROJECTS\CHECKCONF\CHECKCONF\DEBUG\CHECKCONF.PCH
C:\USERS\ZZT.001\DOCUMENTS\VISUAL STUDIO 2012\PROJECTS\CHECKCONF\CHECKCONF\DEBUG\STDAFX.OBJ
C:\USERS\ZZT.001\DOCUMENTS\VISUAL STUDIO 2012\PROJECTS\CHECKCONF\CHECKCONF\DEBUG\VC110.PDB
C:\USERS\ZZT.001\DOCUMENTS\VISUAL STUDIO 2012\PROJECTS\CHECKCONF\CHECKCONF\DEBUG\CHECKCONF.OBJ
C:\USERS\ZZT.001\DOCUMENTS\VISUAL STUDIO 2012\PROJECTS\CHECKCONF\DEBUG\CHECKCONF.ILK
C:\USERS\ZZT.001\DOCUMENTS\VISUAL STUDIO 2012\PROJECTS\CHECKCONF\DEBUG\CHECKCONF.EXE
C:\USERS\ZZT.001\DOCUMENTS\VISUAL STUDIO 2012\PROJECTS\CHECKCONF\DEBUG\CHECKCONF.PDB
C:\Users\zzt.001\Documents\Visual Studio 2012\Projects\checkconf\checkconf\Debug\checkconf.obj
C:\Users\zzt.001\Documents\Visual Studio 2012\Projects\checkconf\checkconf\Debug\stdafx.obj
C:\Users\zzt.001\Documents\Visual Studio 2012\Projects\checkconf\checkconf\Debug\cl.command.1.tlog
C:\Users\zzt.001\Documents\Visual Studio 2012\Projects\checkconf\checkconf\Debug\CL.read.1.tlog
C:\Users\zzt.001\Documents\Visual Studio 2012\Projects\checkconf\checkconf\Debug\CL.write.1.tlog
C:\Users\zzt.001\Documents\Visual Studio 2012\Projects\checkconf\checkconf\Debug\link-cvtres.read.1.tlog
C:\Users\zzt.001\Documents\Visual Studio 2012\Projects\checkconf\checkconf\Debug\link-cvtres.write.1.tlog
C:\Users\zzt.001\Documents\Visual Studio 2012\Projects\checkconf\checkconf\Debug\link-rc.read.1.tlog
C:\Users\zzt.001\Documents\Visual Studio 2012\Projects\checkconf\checkconf\Debug\link-rc.write.1.tlog
C:\Users\zzt.001\Documents\Visual Studio 2012\Projects\checkconf\checkconf\Debug\link.10324-cvtres.read.1.tlog
C:\Users\zzt.001\Documents\Visual Studio 2012\Projects\checkconf\checkconf\Debug\link.10324-cvtres.write.1.tlog
C:\Users\zzt.001\Documents\Visual Studio 2012\Projects\checkconf\checkconf\Debug\link.10324-rc.read.1.tlog
C:\Users\zzt.001\Documents\Visual Studio 2012\Projects\checkconf\checkconf\Debug\link.10324-rc.write.1.tlog
C:\Users\zzt.001\Documents\Visual Studio 2012\Projects\checkconf\checkconf\Debug\link.10324.read.1.tlog
C:\Users\zzt.001\Documents\Visual Studio 2012\Projects\checkconf\checkconf\Debug\link.10324.write.1.tlog
C:\Users\zzt.001\Documents\Visual Studio 2012\Projects\checkconf\checkconf\Debug\link.command.1.tlog
C:\Users\zzt.001\Documents\Visual Studio 2012\Projects\checkconf\checkconf\Debug\link.read.1.tlog
C:\Users\zzt.001\Documents\Visual Studio 2012\Projects\checkconf\checkconf\Debug\link.write.1.tlog
C:\Users\zzt.001\Documents\Visual Studio 2012\Projects\checkconf\checkconf\Debug\checkconf.pch
C:\Users\zzt.001\Documents\Visual Studio 2012\Projects\checkconf\checkconf\Debug\vc110.idb
C:\Users\zzt.001\Documents\Visual Studio 2012\Projects\checkconf\checkconf\Debug\vc110.pdb
C:\Users\zzt.001\Documents\Visual Studio 2012\Projects\checkconf\Debug\checkconf.pdb
C:\Users\zzt.001\Documents\Visual Studio 2012\Projects\checkconf\Debug\checkconf.exe
C:\Users\zzt.001\Documents\Visual Studio 2012\Projects\checkconf\Debug\checkconf.ilk
