C:\USERS\ZZT.001\DOCUMENTS\VISUAL STUDIO 2012\PROJECTS\CHECKCONF\CHECKCONF\RELEASE\CHECKCONF.PCH
C:\USERS\ZZT.001\DOCUMENTS\VISUAL STUDIO 2012\PROJECTS\CHECKCONF\CHECKCONF\RELEASE\STDAFX.OBJ
C:\USERS\ZZT.001\DOCUMENTS\VISUAL STUDIO 2012\PROJECTS\CHECKCONF\CHECKCONF\RELEASE\VC110.PDB
C:\USERS\ZZT.001\DOCUMENTS\VISUAL STUDIO 2012\PROJECTS\CHECKCONF\CHECKCONF\RELEASE\CHECKCONF.OBJ
C:\USERS\ZZT.001\DOCUMENTS\VISUAL STUDIO 2012\PROJECTS\CHECKCONF\RELEASE\CHECKCONF.EXE
C:\USERS\ZZT.001\DOCUMENTS\VISUAL STUDIO 2012\PROJECTS\CHECKCONF\RELEASE\CHECKCONF.PDB
F:\tools\coding\checkconf\checkconf\Release\checkconf.obj
F:\tools\coding\checkconf\checkconf\Release\stdafx.obj
F:\tools\coding\checkconf\checkconf\Release\cl.command.1.tlog
F:\tools\coding\checkconf\checkconf\Release\CL.read.1.tlog
F:\tools\coding\checkconf\checkconf\Release\CL.write.1.tlog
F:\tools\coding\checkconf\checkconf\Release\link-cvtres.read.1.tlog
F:\tools\coding\checkconf\checkconf\Release\link-cvtres.write.1.tlog
F:\tools\coding\checkconf\checkconf\Release\link-mt.read.1.tlog
F:\tools\coding\checkconf\checkconf\Release\link-mt.write.1.tlog
F:\tools\coding\checkconf\checkconf\Release\link-rc.read.1.tlog
F:\tools\coding\checkconf\checkconf\Release\link-rc.write.1.tlog
F:\tools\coding\checkconf\checkconf\Release\link.command.1.tlog
F:\tools\coding\checkconf\checkconf\Release\link.read.1.tlog
F:\tools\coding\checkconf\checkconf\Release\link.write.1.tlog
F:\tools\coding\checkconf\checkconf\Release\checkconf.pch
F:\tools\coding\checkconf\checkconf\Release\vc110.pdb
F:\tools\coding\checkconf\Release\checkconf.pdb
F:\tools\coding\checkconf\Release\checkconf.exe
